<?xml version="1.0" encoding="UTF-8"?>
<testsuite xmlns:xsi="http://www.w3.org/2001/XMLSchema-instance" xsi:noNamespaceSchemaLocation="https://maven.apache.org/surefire/maven-surefire-plugin/xsd/surefire-test-report.xsd" name="com.imadelfetouh.authservice.factory.FactoryTest" time="1.952" tests="2" errors="0" skipped="0" failures="0">
  <properties>
[...]
</properties>
  <testcase name="testSignInInstance" classname="com.imadelfetouh.authservice.factory.FactoryTest" time="1.936"/>
  <testcase name="testInstance" classname="com.imadelfetouh.authservice.factory.FactoryTest" time="0.001"/>
</testsuite>