<?xml version="1.0" encoding="UTF-8"?>
<testsuite xmlns:xsi="http://www.w3.org/2001/XMLSchema-instance" xsi:noNamespaceSchemaLocation="https://maven.apache.org/surefire/maven-surefire-plugin/xsd/surefire-test-report-3.0.xsd" version="3.0" name="com.imadelfetouh.authservice.dal.SignInDBTest" time="1.785" tests="2" errors="0" skipped="0" failures="0">
  <properties>
[...]
</properties>
  <testcase name="testUserSignInCorrect" classname="com.imadelfetouh.authservice.dal.SignInDBTest" time="0.09">
    <system-out><![CDATA[Hibernate: insert into user (password, username) values (?, ?)
Hibernate: insert into user (password, username) values (?, ?)
Hibernate: select user0_.id as id1_0_, user0_.password as password2_0_, user0_.username as username3_0_ from user user0_ where user0_.username=? and user0_.password=?
]]></system-out>
    <system-err><![CDATA[mrt. 24, 2021 12:11:50 P.M. org.hibernate.Version logVersion
INFO: HHH000412: Hibernate ORM core version [WORKING]
mrt. 24, 2021 12:11:50 P.M. org.hibernate.annotations.common.reflection.java.JavaReflectionManager <clinit>
INFO: HCANN000001: Hibernate Commons Annotations {5.1.0.Final}
mrt. 24, 2021 12:11:51 P.M. org.hibernate.c3p0.internal.C3P0ConnectionProvider configure
INFO: HHH010002: C3P0 using driver: com.mysql.cj.jdbc.Driver at URL: jdbc:mysql://localhost:3307/authservice?createDatabaseIfNotExist=true
mrt. 24, 2021 12:11:51 P.M. org.hibernate.c3p0.internal.C3P0ConnectionProvider configure
INFO: HHH10001001: Connection properties: {password=****, user=root}
mrt. 24, 2021 12:11:51 P.M. org.hibernate.c3p0.internal.C3P0ConnectionProvider configure
INFO: HHH10001003: Autocommit mode: false
mrt. 24, 2021 12:11:51 P.M. com.mchange.v2.log.MLog 
INFO: MLog clients using java 1.4+ standard logging.
mrt. 24, 2021 12:11:51 P.M. com.mchange.v2.c3p0.C3P0Registry 
INFO: Initializing c3p0-0.9.5.2 [built 08-December-2015 22:06:04 -0800; debug? true; trace: 10]
mrt. 24, 2021 12:11:51 P.M. org.hibernate.c3p0.internal.C3P0ConnectionProvider configure
INFO: HHH10001007: JDBC isolation level: <unknown>
mrt. 24, 2021 12:11:51 P.M. com.mchange.v2.c3p0.impl.AbstractPoolBackedDataSource 
INFO: Initializing c3p0 pool... com.mchange.v2.c3p0.PoolBackedDataSource@32a4db17 [ connectionPoolDataSource -> com.mchange.v2.c3p0.WrapperConnectionPoolDataSource@6a19f25e [ acquireIncrement -> 1, acquireRetryAttempts -> 30, acquireRetryDelay -> 1000, autoCommitOnClose -> false, automaticTestTable -> null, breakAfterAcquireFailure -> false, checkoutTimeout -> 0, connectionCustomizerClassName -> null, connectionTesterClassName -> com.mchange.v2.c3p0.impl.DefaultConnectionTester, contextClassLoaderSource -> caller, debugUnreturnedConnectionStackTraces -> false, factoryClassLocation -> null, forceIgnoreUnresolvedTransactions -> false, forceSynchronousCheckins -> false, identityToken -> 1hgf08bagrq7iu6146gtxl|56303475, idleConnectionTestPeriod -> 0, initialPoolSize -> 1, maxAdministrativeTaskTime -> 0, maxConnectionAge -> 0, maxIdleTime -> 1800, maxIdleTimeExcessConnections -> 0, maxPoolSize -> 2, maxStatements -> 0, maxStatementsPerConnection -> 0, minPoolSize -> 1, nestedDataSource -> com.mchange.v2.c3p0.DriverManagerDataSource@14ec81c1 [ description -> null, driverClass -> null, factoryClassLocation -> null, forceUseNamedDriverClass -> false, identityToken -> 1hgf08bagrq7iu6146gtxl|48bfb884, jdbcUrl -> jdbc:mysql://localhost:3307/authservice?createDatabaseIfNotExist=true, properties -> {password=******, user=******} ], preferredTestQuery -> null, privilegeSpawnedThreads -> false, propertyCycle -> 0, statementCacheNumDeferredCloseThreads -> 0, testConnectionOnCheckin -> false, testConnectionOnCheckout -> false, unreturnedConnectionTimeout -> 0, usesTraditionalReflectiveProxies -> false; userOverrides: {} ], dataSourceName -> null, extensions -> {}, factoryClassLocation -> null, identityToken -> 1hgf08bagrq7iu6146gtxl|2bf94401, numHelperThreads -> 3 ]
mrt. 24, 2021 12:11:51 P.M. org.hibernate.dialect.Dialect <init>
INFO: HHH000400: Using dialect: org.hibernate.dialect.MariaDBDialect
mrt. 24, 2021 12:11:51 P.M. org.hibernate.resource.transaction.backend.jdbc.internal.DdlTransactionIsolatorNonJtaImpl getIsolatedConnection
INFO: HHH10001501: Connection obtained from JdbcConnectionAccess [org.hibernate.engine.jdbc.env.internal.JdbcEnvironmentInitiator$ConnectionProviderJdbcConnectionAccess@554188ac] for (non-JTA) DDL execution was not in auto-commit mode; the Connection 'local transaction' will be committed and the Connection will be set into auto-commit mode.
]]></system-err>
  </testcase>
  <testcase name="testUserSignInIncorrect" classname="com.imadelfetouh.authservice.dal.SignInDBTest" time="0.003">
    <system-out><![CDATA[Hibernate: select user0_.id as id1_0_, user0_.password as password2_0_, user0_.username as username3_0_ from user user0_ where user0_.username=? and user0_.password=?
]]></system-out>
  </testcase>
</testsuite>