GROUP,PACKAGE,CLASS,INSTRUCTION_MISSED,INSTRUCTION_COVERED,BRANCH_MISSED,BRANCH_COVERED,LINE_MISSED,LINE_COVERED,COMPLEXITY_MISSED,COMPLEXITY_COVERED,METHOD_MISSED,METHOD_COVERED
dal,com.imadelfetouh.authservice.dal.signin,SignInDB,0,17,0,0,0,4,0,2,0,2
dal,com.imadelfetouh.authservice.dal.configuration,SessionConfiguration,4,101,1,1,0,22,1,4,0,4
dal,com.imadelfetouh.authservice.dal.configuration,SessionHelper,9,22,2,2,3,8,2,4,1,3
dal,com.imadelfetouh.authservice.dal.configuration,Executer,11,21,0,0,4,7,0,3,0,3
dal,com.imadelfetouh.authservice.dal.ormmodel,User,0,12,0,0,0,5,0,2,0,2
dal,com.imadelfetouh.authservice.dal.queryexecuter,SignInExecuter,0,57,0,0,0,17,0,3,0,3
